TN:
SF:src\Console.ts
FN:11,getCurrentTime
FN:16,createTableFromObject
FN:24,(anonymous_3)
FN:32,(anonymous_4)
FN:34,(anonymous_5)
FN:62,(anonymous_6)
FN:96,appendLogToConsole
FN:126,(anonymous_8)
FN:142,(anonymous_9)
FN:153,(anonymous_10)
FN:163,(anonymous_11)
FN:168,(anonymous_12)
FN:173,(anonymous_13)
FN:177,(anonymous_14)
FN:182,(anonymous_15)
FN:186,escapeRegExp
FN:190,findSpanElementWithClassAndText
FN:206,(anonymous_18)
FN:225,(anonymous_19)
FN:239,clearHighlights
FN:242,(anonymous_21)
FN:249,displayRepeat
FNF:22
FNH:2
FNDA:0,getCurrentTime
FNDA:0,createTableFromObject
FNDA:0,(anonymous_3)
FNDA:0,(anonymous_4)
FNDA:0,(anonymous_5)
FNDA:0,(anonymous_6)
FNDA:10,appendLogToConsole
FNDA:0,(anonymous_8)
FNDA:0,(anonymous_9)
FNDA:10,(anonymous_10)
FNDA:0,(anonymous_11)
FNDA:0,(anonymous_12)
FNDA:0,(anonymous_13)
FNDA:0,(anonymous_14)
FNDA:0,(anonymous_15)
FNDA:0,escapeRegExp
FNDA:0,findSpanElementWithClassAndText
FNDA:0,(anonymous_18)
FNDA:0,(anonymous_19)
FNDA:0,clearHighlights
FNDA:0,(anonymous_21)
FNDA:0,displayRepeat
DA:1,1
DA:3,1
DA:12,0
DA:13,0
DA:17,0
DA:18,0
DA:20,0
DA:21,0
DA:22,0
DA:24,0
DA:25,0
DA:26,0
DA:27,0
DA:28,0
DA:30,0
DA:32,0
DA:33,0
DA:34,0
DA:35,0
DA:36,0
DA:37,0
DA:38,0
DA:40,0
DA:42,0
DA:43,0
DA:44,0
DA:46,0
DA:48,0
DA:49,0
DA:50,0
DA:51,0
DA:52,0
DA:54,0
DA:55,0
DA:56,0
DA:58,0
DA:59,0
DA:60,0
DA:62,0
DA:63,0
DA:65,0
DA:66,0
DA:67,0
DA:69,0
DA:70,0
DA:71,0
DA:72,0
DA:74,0
DA:76,0
DA:78,0
DA:80,0
DA:81,0
DA:82,0
DA:85,0
DA:88,1
DA:89,1
DA:90,1
DA:91,1
DA:92,1
DA:93,1
DA:94,1
DA:101,10
DA:102,0
DA:103,0
DA:104,0
DA:105,0
DA:106,0
DA:107,0
DA:108,0
DA:110,0
DA:111,0
DA:112,0
DA:114,0
DA:115,0
DA:117,0
DA:118,0
DA:119,0
DA:121,0
DA:122,0
DA:123,0
DA:124,0
DA:126,0
DA:127,0
DA:128,0
DA:131,0
DA:132,0
DA:135,0
DA:136,0
DA:138,0
DA:142,1
DA:143,0
DA:145,0
DA:146,0
DA:147,0
DA:150,0
DA:153,1
DA:155,10
DA:156,0
DA:157,0
DA:159,10
DA:160,10
DA:163,1
DA:164,0
DA:165,0
DA:168,1
DA:169,0
DA:170,0
DA:173,1
DA:174,0
DA:177,1
DA:178,0
DA:179,0
DA:182,1
DA:183,0
DA:184,0
DA:187,0
DA:190,0
DA:191,0
DA:192,0
DA:193,0
DA:195,0
DA:196,0
DA:197,0
DA:198,0
DA:199,0
DA:203,0
DA:206,1
DA:209,0
DA:211,0
DA:212,0
DA:213,0
DA:214,0
DA:216,0
DA:218,0
DA:219,0
DA:220,0
DA:221,0
DA:223,0
DA:225,0
DA:226,0
DA:229,0
DA:231,0
DA:232,0
DA:233,0
DA:234,0
DA:239,1
DA:240,0
DA:241,0
DA:242,0
DA:243,0
DA:244,0
DA:249,1
DA:250,0
DA:251,0
DA:252,0
DA:253,0
DA:254,0
LF:157
LH:23
BRDA:20,0,0,0
BRDA:20,0,1,0
BRDA:20,1,0,0
BRDA:20,1,1,0
BRDA:42,2,0,0
BRDA:42,2,1,0
BRDA:48,3,0,0
BRDA:77,4,0,0
BRDA:77,4,1,0
BRDA:101,5,0,10
BRDA:102,6,0,0
BRDA:103,7,0,0
BRDA:104,8,0,0
BRDA:104,9,0,0
BRDA:104,9,1,0
BRDA:106,10,0,0
BRDA:117,11,0,0
BRDA:117,11,1,0
BRDA:122,12,0,0
BRDA:123,13,0,0
BRDA:123,14,0,0
BRDA:123,14,1,0
BRDA:127,15,0,0
BRDA:127,16,0,0
BRDA:127,16,1,0
BRDA:146,17,0,0
BRDA:155,18,0,0
BRDA:190,19,0,0
BRDA:192,20,0,0
BRDA:196,21,0,0
BRDA:196,21,1,0
BRDA:196,22,0,0
BRDA:196,22,1,0
BRDA:198,23,0,0
BRDA:198,24,0,0
BRDA:198,24,1,0
BRDA:198,24,2,0
BRDA:209,25,0,0
BRDA:212,26,0,0
BRDA:216,27,0,0
BRDA:218,28,0,0
BRDA:218,28,1,0
BRDA:220,29,0,0
BRDA:220,29,1,0
BRDA:232,30,0,0
BRDA:241,31,0,0
BRDA:243,32,0,0
BRDA:243,33,0,0
BRDA:243,33,1,0
BRDA:251,34,0,0
BRDA:253,35,0,0
BRF:51
BRH:1
end_of_record
TN:
SF:src\Group.ts
FN:8,(anonymous_7)
FN:18,(anonymous_8)
FN:23,Group
FN:76,(anonymous_10)
FN:98,(anonymous_11)
FN:112,(anonymous_12)
FN:130,(anonymous_13)
FN:143,(anonymous_14)
FN:161,(anonymous_15)
FN:179,(anonymous_16)
FN:199,(anonymous_17)
FN:218,(anonymous_18)
FN:231,(anonymous_19)
FN:240,(anonymous_20)
FN:241,(anonymous_21)
FN:242,(anonymous_22)
FN:243,(anonymous_23)
FN:20,(anonymous_24)
FN:29,(anonymous_25)
FN:33,(anonymous_26)
FN:36,(anonymous_27)
FN:37,(anonymous_28)
FN:40,(anonymous_29)
FN:41,(anonymous_30)
FN:44,(anonymous_31)
FN:45,(anonymous_32)
FN:48,(anonymous_33)
FN:49,(anonymous_34)
FN:51,(anonymous_35)
FN:55,(anonymous_36)
FN:58,(anonymous_37)
FN:62,(anonymous_38)
FN:65,(anonymous_39)
FN:70,(anonymous_40)
FN:77,(anonymous_41)
FN:78,(anonymous_42)
FN:94,(anonymous_43)
FN:99,(anonymous_44)
FN:100,(anonymous_45)
FN:108,(anonymous_46)
FN:113,(anonymous_47)
FN:114,(anonymous_48)
FN:126,(anonymous_49)
FN:131,(anonymous_50)
FN:132,(anonymous_51)
FN:139,(anonymous_52)
FN:144,(anonymous_53)
FN:145,(anonymous_54)
FN:157,(anonymous_55)
FN:162,(anonymous_56)
FN:163,(anonymous_57)
FN:175,(anonymous_58)
FN:180,(anonymous_59)
FN:181,(anonymous_60)
FN:195,(anonymous_61)
FN:200,(anonymous_62)
FN:201,(anonymous_63)
FN:212,(anonymous_64)
FN:219,(anonymous_65)
FN:220,(anonymous_66)
FN:226,(anonymous_67)
FN:255,(anonymous_68)
FN:256,(anonymous_69)
FN:264,(anonymous_70)
FN:265,(anonymous_71)
FN:271,(anonymous_72)
FN:274,(anonymous_73)
FN:283,(anonymous_74)
FN:288,(anonymous_75)
FN:293,(anonymous_76)
FN:294,(anonymous_77)
FN:296,(anonymous_78)
FN:299,(anonymous_79)
FN:305,(anonymous_80)
FN:311,(anonymous_81)
FN:322,(anonymous_82)
FN:323,(anonymous_83)
FN:331,(anonymous_84)
FN:332,(anonymous_85)
FNF:79
FNH:29
FNDA:0,(anonymous_7)
FNDA:1,(anonymous_8)
FNDA:3,Group
FNDA:1,(anonymous_10)
FNDA:0,(anonymous_11)
FNDA:0,(anonymous_12)
FNDA:0,(anonymous_13)
FNDA:0,(anonymous_14)
FNDA:0,(anonymous_15)
FNDA:0,(anonymous_16)
FNDA:0,(anonymous_17)
FNDA:0,(anonymous_18)
FNDA:12,(anonymous_19)
FNDA:5,(anonymous_20)
FNDA:5,(anonymous_21)
FNDA:0,(anonymous_22)
FNDA:0,(anonymous_23)
FNDA:0,(anonymous_24)
FNDA:0,(anonymous_25)
FNDA:8,(anonymous_26)
FNDA:1,(anonymous_27)
FNDA:5,(anonymous_28)
FNDA:6,(anonymous_29)
FNDA:16,(anonymous_30)
FNDA:1,(anonymous_31)
FNDA:5,(anonymous_32)
FNDA:1,(anonymous_33)
FNDA:5,(anonymous_34)
FNDA:1,(anonymous_35)
FNDA:5,(anonymous_36)
FNDA:2,(anonymous_37)
FNDA:0,(anonymous_38)
FNDA:2,(anonymous_39)
FNDA:0,(anonymous_40)
FNDA:2,(anonymous_41)
FNDA:1,(anonymous_42)
FNDA:0,(anonymous_43)
FNDA:0,(anonymous_44)
FNDA:0,(anonymous_45)
FNDA:0,(anonymous_46)
FNDA:2,(anonymous_47)
FNDA:1,(anonymous_48)
FNDA:1,(anonymous_49)
FNDA:0,(anonymous_50)
FNDA:0,(anonymous_51)
FNDA:0,(anonymous_52)
FNDA:0,(anonymous_53)
FNDA:0,(anonymous_54)
FNDA:0,(anonymous_55)
FNDA:0,(anonymous_56)
FNDA:0,(anonymous_57)
FNDA:0,(anonymous_58)
FNDA:0,(anonymous_59)
FNDA:0,(anonymous_60)
FNDA:0,(anonymous_61)
FNDA:0,(anonymous_62)
FNDA:0,(anonymous_63)
FNDA:0,(anonymous_64)
FNDA:0,(anonymous_65)
FNDA:0,(anonymous_66)
FNDA:0,(anonymous_67)
FNDA:0,(anonymous_68)
FNDA:0,(anonymous_69)
FNDA:0,(anonymous_70)
FNDA:0,(anonymous_71)
FNDA:0,(anonymous_72)
FNDA:0,(anonymous_73)
FNDA:0,(anonymous_74)
FNDA:0,(anonymous_75)
FNDA:0,(anonymous_76)
FNDA:0,(anonymous_77)
FNDA:1,(anonymous_78)
FNDA:0,(anonymous_79)
FNDA:0,(anonymous_80)
FNDA:0,(anonymous_81)
FNDA:2,(anonymous_82)
FNDA:7,(anonymous_83)
FNDA:1,(anonymous_84)
FNDA:5,(anonymous_85)
DA:1,1
DA:2,1
DA:3,1
DA:4,1
DA:5,1
DA:6,1
DA:8,1
DA:9,0
DA:10,0
DA:18,1
DA:19,3
DA:20,1
DA:21,0
DA:23,6
DA:24,3
DA:26,3
DA:28,3
DA:29,1
DA:30,0
DA:32,3
DA:33,1
DA:34,8
DA:36,1
DA:37,5
DA:40,1
DA:41,16
DA:44,1
DA:45,5
DA:48,1
DA:49,5
DA:51,1
DA:52,1
DA:54,3
DA:55,1
DA:56,5
DA:59,2
DA:61,3
DA:62,1
DA:63,0
DA:66,2
DA:67,2
DA:69,3
DA:70,1
DA:71,0
DA:76,3
DA:77,2
DA:78,2
DA:79,1
DA:81,1
DA:82,0
DA:85,1
DA:86,0
DA:87,0
DA:88,0
DA:91,1
DA:95,0
DA:98,3
DA:99,1
DA:100,0
DA:101,0
DA:102,0
DA:103,0
DA:105,0
DA:109,0
DA:112,3
DA:113,2
DA:114,2
DA:115,1
DA:117,1
DA:118,1
DA:119,0
DA:120,0
DA:121,0
DA:122,0
DA:127,1
DA:130,3
DA:131,1
DA:132,0
DA:133,0
DA:134,0
DA:136,0
DA:140,0
DA:143,3
DA:144,1
DA:145,0
DA:146,0
DA:148,0
DA:149,0
DA:150,0
DA:151,0
DA:152,0
DA:154,0
DA:158,0
DA:161,3
DA:162,1
DA:163,0
DA:164,0
DA:166,0
DA:167,0
DA:168,0
DA:169,0
DA:170,0
DA:172,0
DA:176,0
DA:179,3
DA:180,1
DA:181,0
DA:182,0
DA:184,0
DA:185,0
DA:186,0
DA:187,0
DA:188,0
DA:190,0
DA:191,0
DA:196,0
DA:199,3
DA:200,1
DA:201,0
DA:202,0
DA:204,0
DA:205,0
DA:206,0
DA:207,0
DA:209,0
DA:213,0
DA:216,3
DA:218,3
DA:219,1
DA:220,0
DA:221,0
DA:223,0
DA:227,0
DA:231,3
DA:233,12
DA:235,12
DA:245,12
DA:248,0
DA:251,12
DA:252,12
DA:255,1
DA:256,0
DA:257,0
DA:258,0
DA:260,0
DA:264,1
DA:265,0
DA:266,0
DA:271,1
DA:272,0
DA:273,0
DA:274,0
DA:275,0
DA:276,0
DA:278,0
DA:279,0
DA:283,1
DA:284,0
DA:288,1
DA:289,0
DA:293,1
DA:294,1
DA:296,1
DA:297,1
DA:298,0
DA:299,0
DA:300,0
DA:303,1
DA:304,0
DA:305,0
DA:306,0
DA:309,1
DA:310,0
DA:311,0
DA:312,0
DA:316,1
DA:317,1
DA:319,1
DA:322,1
DA:323,2
DA:324,7
DA:327,2
DA:328,2
DA:331,1
DA:332,1
DA:333,5
DA:336,1
LF:187
LH:96
BRDA:23,0,0,3
BRDA:233,1,0,12
BRDA:233,1,1,0
BRDA:238,2,0,3
BRDA:238,2,1,9
BRDA:21,3,0,0
BRDA:21,3,1,0
BRDA:21,4,0,0
BRDA:21,4,1,0
BRDA:21,5,0,0
BRDA:21,5,1,0
BRDA:52,6,0,1
BRDA:52,6,1,1
BRDA:52,6,2,1
BRDA:81,7,0,0
BRDA:85,8,0,0
BRDA:86,9,0,0
BRDA:86,9,1,0
BRDA:86,10,0,0
BRDA:86,10,1,0
BRDA:95,11,0,0
BRDA:101,12,0,0
BRDA:102,13,0,0
BRDA:109,14,0,0
BRDA:118,15,0,0
BRDA:119,16,0,0
BRDA:119,16,1,0
BRDA:119,17,0,0
BRDA:119,17,1,0
BRDA:127,18,0,1
BRDA:133,19,0,0
BRDA:140,20,0,0
BRDA:148,21,0,0
BRDA:149,22,0,0
BRDA:149,22,1,0
BRDA:149,23,0,0
BRDA:149,23,1,0
BRDA:154,24,0,0
BRDA:154,24,1,0
BRDA:154,25,0,0
BRDA:154,25,1,0
BRDA:158,26,0,0
BRDA:166,27,0,0
BRDA:172,28,0,0
BRDA:172,28,1,0
BRDA:172,29,0,0
BRDA:172,29,1,0
BRDA:176,30,0,0
BRDA:184,31,0,0
BRDA:185,32,0,0
BRDA:186,33,0,0
BRDA:186,33,1,0
BRDA:186,34,0,0
BRDA:186,34,1,0
BRDA:190,35,0,0
BRDA:196,36,0,0
BRDA:204,37,0,0
BRDA:209,38,0,0
BRDA:209,38,1,0
BRDA:209,39,0,0
BRDA:209,39,1,0
BRDA:213,40,0,0
BRDA:221,41,0,0
BRDA:221,42,0,0
BRDA:221,42,1,0
BRDA:227,43,0,0
BRDA:257,44,0,0
BRDA:257,44,1,0
BRDA:271,45,0,0
BRDA:275,46,0,0
BRDA:297,47,0,0
BRDA:303,48,0,0
BRDA:309,49,0,0
BRDA:317,50,0,1
BRF:74
BRH:9
end_of_record
TN:
SF:src\Index.ts
FN:15,(anonymous_1)
FN:15,(anonymous_2)
FNF:2
FNH:1
FNDA:5,(anonymous_1)
FNDA:0,(anonymous_2)
DA:1,1
DA:3,1
DA:4,1
DA:5,1
DA:6,1
DA:7,1
DA:8,1
DA:9,1
DA:10,1
DA:11,1
DA:13,1
DA:15,6
DA:19,1
LF:13
LH:13
BRF:0
BRH:0
end_of_record
TN:
SF:src\Monitor.ts
FN:1,(anonymous_13)
FN:4,Monitor
FN:8,(anonymous_15)
FNF:3
FNH:3
FNDA:1,(anonymous_13)
FNDA:5,Monitor
FNDA:5,(anonymous_15)
DA:1,1
DA:5,5
DA:8,1
DA:9,5
DA:10,5
DA:14,1
LF:6
LH:6
BRDA:9,0,0,5
BRF:1
BRH:1
end_of_record
TN:
SF:src\Now.ts
FN:1,(anonymous_0)
FN:3,calcDuration
FNF:2
FNH:2
FNDA:14,(anonymous_0)
FNDA:7,calcDuration
DA:1,14
DA:3,1
DA:4,7
DA:7,1
LF:4
LH:4
BRF:0
BRH:0
end_of_record
TN:
SF:src\Sequence.ts
FN:8,(anonymous_0)
FN:11,(anonymous_2)
FNF:2
FNH:2
FNDA:1,(anonymous_0)
FNDA:15,(anonymous_2)
DA:8,1
DA:9,1
DA:11,1
DA:12,15
DA:14,1
LF:5
LH:5
BRF:0
BRH:0
end_of_record
TN:
SF:src\Sleep.ts
FN:9,sleep
FN:13,(anonymous_16)
FN:14,(anonymous_17)
FN:42,sleepWithAbort
FN:49,(anonymous_21)
FN:50,(anonymous_22)
FN:58,(anonymous_23)
FN:64,(anonymous_24)
FNF:8
FNH:3
FNDA:5,sleep
FNDA:5,(anonymous_16)
FNDA:5,(anonymous_17)
FNDA:0,sleepWithAbort
FNDA:0,(anonymous_21)
FNDA:0,(anonymous_22)
FNDA:0,(anonymous_23)
FNDA:0,(anonymous_24)
DA:9,5
DA:10,5
DA:11,5
DA:13,5
DA:14,5
DA:15,5
DA:16,0
DA:18,5
DA:42,1
DA:43,0
DA:44,0
DA:46,0
DA:47,0
DA:49,0
DA:50,0
DA:51,0
DA:52,0
DA:54,0
DA:58,0
DA:59,0
DA:60,0
DA:64,0
DA:66,0
LF:23
LH:8
BRDA:9,0,0,0
BRDA:10,1,0,0
BRDA:15,2,0,0
BRDA:15,2,1,5
BRDA:42,3,0,0
BRDA:43,4,0,0
BRDA:51,5,0,0
BRDA:51,5,1,0
BRF:8
BRH:1
end_of_record
TN:
SF:src\Tree.ts
FN:22,(anonymous_0)
FN:28,Tree
FN:33,(anonymous_2)
FN:34,(anonymous_3)
FN:71,(anonymous_4)
FN:76,(anonymous_5)
FN:91,(anonymous_6)
FN:95,(anonymous_7)
FN:100,(anonymous_8)
FN:126,(anonymous_9)
FN:133,(anonymous_10)
FN:182,(anonymous_11)
FN:198,(anonymous_12)
FN:208,(anonymous_13)
FN:212,(anonymous_14)
FN:219,(anonymous_15)
FNF:16
FNH:14
FNDA:1,(anonymous_0)
FNDA:2,Tree
FNDA:2,(anonymous_2)
FNDA:7,(anonymous_3)
FNDA:0,(anonymous_4)
FNDA:0,(anonymous_5)
FNDA:7,(anonymous_6)
FNDA:5,(anonymous_7)
FNDA:7,(anonymous_8)
FNDA:5,(anonymous_9)
FNDA:7,(anonymous_10)
FNDA:5,(anonymous_11)
FNDA:2,(anonymous_12)
FNDA:2,(anonymous_13)
FNDA:2,(anonymous_14)
FNDA:2,(anonymous_15)
DA:22,1
DA:23,2
DA:24,2
DA:25,2
DA:26,2
DA:28,2
DA:29,2
DA:33,2
DA:34,7
DA:36,7
DA:37,7
DA:38,7
DA:44,0
DA:45,0
DA:50,7
DA:51,2
DA:52,2
DA:53,0
DA:59,2
DA:62,5
DA:63,0
DA:70,5
DA:71,5
DA:72,5
DA:73,5
DA:76,0
DA:77,0
DA:87,2
DA:91,7
DA:92,7
DA:93,2
DA:95,7
DA:96,7
DA:100,7
DA:102,7
DA:103,7
DA:104,7
DA:105,7
DA:106,7
DA:108,7
DA:109,7
DA:110,7
DA:112,7
DA:113,0
DA:114,0
DA:117,7
DA:120,7
DA:121,7
DA:124,7
DA:126,7
DA:127,5
DA:128,5
DA:133,7
DA:135,7
DA:136,7
DA:137,7
DA:138,7
DA:143,7
DA:144,7
DA:145,7
DA:146,7
DA:148,7
DA:149,0
DA:150,0
DA:153,7
DA:155,7
DA:156,2
DA:157,2
DA:160,2
DA:161,2
DA:162,1
DA:164,2
DA:166,2
DA:169,5
DA:170,5
DA:171,5
DA:173,5
DA:174,0
DA:178,7
DA:180,7
DA:182,7
DA:183,5
DA:184,5
DA:198,2
DA:199,2
DA:200,0
DA:201,0
DA:204,2
DA:207,2
DA:208,2
DA:211,2
DA:212,2
DA:213,2
DA:216,2
DA:219,2
DA:220,2
DA:233,2
DA:235,0
DA:238,0
DA:241,2
DA:243,2
DA:245,1
LF:102
LH:87
BRDA:28,0,0,0
BRDA:29,1,0,2
BRDA:29,1,1,0
BRDA:29,2,0,2
BRDA:29,2,1,2
BRDA:36,3,0,7
BRDA:37,4,0,7
BRDA:37,4,1,0
BRDA:40,5,0,7
BRDA:40,5,1,0
BRDA:44,6,0,0
BRDA:44,7,0,0
BRDA:44,7,1,0
BRDA:50,8,0,2
BRDA:50,8,1,5
BRDA:51,9,0,2
BRDA:52,10,0,0
BRDA:55,11,0,0
BRDA:55,11,1,0
BRDA:62,12,0,0
BRDA:70,13,0,5
BRDA:70,13,1,0
BRDA:72,14,0,5
BRDA:76,15,0,0
BRDA:79,16,0,0
BRDA:79,16,1,0
BRDA:91,17,0,0
BRDA:92,18,0,2
BRDA:102,19,0,0
BRDA:103,20,0,0
BRDA:104,21,0,0
BRDA:105,22,0,0
BRDA:106,23,0,0
BRDA:112,24,0,0
BRDA:114,25,0,0
BRDA:114,25,1,0
BRDA:114,26,0,0
BRDA:114,26,1,0
BRDA:117,27,0,2
BRDA:117,27,1,5
BRDA:117,28,0,5
BRDA:117,28,1,0
BRDA:117,29,0,5
BRDA:117,29,1,5
BRDA:120,30,0,7
BRDA:124,31,0,7
BRDA:124,31,1,0
BRDA:135,32,0,0
BRDA:136,33,0,0
BRDA:137,34,0,0
BRDA:138,35,0,0
BRDA:148,36,0,0
BRDA:150,37,0,0
BRDA:150,37,1,0
BRDA:150,38,0,0
BRDA:150,38,1,0
BRDA:153,39,0,2
BRDA:153,39,1,5
BRDA:153,40,0,5
BRDA:153,40,1,0
BRDA:153,41,0,5
BRDA:153,41,1,5
BRDA:155,42,0,2
BRDA:155,42,1,5
BRDA:157,43,0,2
BRDA:157,43,1,0
BRDA:161,44,0,1
BRDA:170,45,0,5
BRDA:173,46,0,0
BRDA:180,47,0,7
BRDA:180,47,1,0
BRDA:199,48,0,0
BRDA:233,49,0,0
BRDA:235,50,0,0
BRDA:235,50,1,0
BRF:75
BRH:30
end_of_record
TN:
SF:src\Version.ts
FNF:0
FNH:0
DA:1,1
DA:2,1
LF:2
LH:2
BRF:0
BRH:0
end_of_record
TN:
SF:src\Watch.ts
FN:6,(anonymous_14)
FN:7,Watch
FN:12,(anonymous_16)
FN:17,(anonymous_17)
FN:28,(anonymous_18)
FN:34,(anonymous_19)
FN:37,(anonymous_20)
FN:62,(anonymous_21)
FN:79,watchAll
FN:90,(anonymous_25)
FN:92,(anonymous_26)
FN:96,(anonymous_27)
FN:101,_watchAllInternal
FN:104,(anonymous_29)
FN:106,(anonymous_30)
FN:132,(anonymous_31)
FN:140,(anonymous_32)
FN:162,(anonymous_33)
FN:163,(anonymous_34)
FN:165,(anonymous_35)
FN:168,(anonymous_36)
FN:169,(anonymous_37)
FN:187,(anonymous_38)
FN:194,(anonymous_39)
FN:219,(anonymous_40)
FN:221,(anonymous_41)
FN:222,(anonymous_42)
FN:228,(anonymous_43)
FN:230,(anonymous_44)
FN:231,(anonymous_45)
FN:234,(anonymous_46)
FN:235,(anonymous_47)
FN:236,(anonymous_48)
FNF:33
FNH:30
FNDA:1,(anonymous_14)
FNDA:5,Watch
FNDA:5,(anonymous_16)
FNDA:5,(anonymous_17)
FNDA:5,(anonymous_18)
FNDA:0,(anonymous_19)
FNDA:5,(anonymous_20)
FNDA:5,(anonymous_21)
FNDA:1,watchAll
FNDA:5,(anonymous_25)
FNDA:0,(anonymous_26)
FNDA:1,(anonymous_27)
FNDA:6,_watchAllInternal
FNDA:30,(anonymous_29)
FNDA:20,(anonymous_30)
FNDA:25,(anonymous_31)
FNDA:25,(anonymous_32)
FNDA:5,(anonymous_33)
FNDA:5,(anonymous_34)
FNDA:5,(anonymous_35)
FNDA:5,(anonymous_36)
FNDA:5,(anonymous_37)
FNDA:5,(anonymous_38)
FNDA:0,(anonymous_39)
FNDA:5,(anonymous_40)
FNDA:5,(anonymous_41)
FNDA:5,(anonymous_42)
FNDA:5,(anonymous_43)
FNDA:25,(anonymous_44)
FNDA:5,(anonymous_45)
FNDA:5,(anonymous_46)
FNDA:5,(anonymous_47)
FNDA:5,(anonymous_48)
DA:2,1
DA:3,1
DA:6,1
DA:8,5
DA:12,5
DA:13,5
DA:15,5
DA:17,5
DA:18,5
DA:19,5
DA:20,5
DA:22,5
DA:28,5
DA:35,0
DA:38,5
DA:39,0
DA:56,0
DA:58,0
DA:60,5
DA:61,5
DA:62,5
DA:63,5
DA:65,5
DA:76,1
DA:78,1
DA:79,1
DA:86,1
DA:87,1
DA:88,1
DA:89,1
DA:90,5
DA:91,0
DA:92,0
DA:93,0
DA:96,1
DA:97,1
DA:102,6
DA:103,6
DA:104,30
DA:106,20
DA:107,1
DA:108,1
DA:109,1
DA:110,1
DA:112,1
DA:113,1
DA:114,0
DA:115,0
DA:116,0
DA:119,0
DA:120,0
DA:121,0
DA:122,0
DA:124,0
DA:125,0
DA:127,0
DA:128,0
DA:132,25
DA:133,0
DA:134,0
DA:135,0
DA:137,0
DA:138,0
DA:140,25
DA:142,0
DA:143,0
DA:144,0
DA:146,0
DA:147,0
DA:150,5
DA:151,1
DA:152,0
DA:154,1
DA:155,0
DA:157,1
DA:160,5
DA:161,5
DA:162,5
DA:163,5
DA:165,5
DA:166,5
DA:167,5
DA:168,5
DA:170,5
DA:171,5
DA:173,5
DA:174,5
DA:178,5
DA:179,5
DA:181,5
DA:182,0
DA:185,5
DA:186,5
DA:187,5
DA:188,5
DA:189,5
DA:191,5
DA:194,5
DA:195,0
DA:196,0
DA:198,0
DA:199,0
DA:200,0
DA:202,0
DA:207,0
DA:217,5
DA:219,5
DA:220,5
DA:221,5
DA:223,5
DA:224,5
DA:227,5
DA:229,5
DA:230,25
DA:232,5
DA:234,5
DA:235,5
DA:237,5
LF:118
LH:80
BRDA:21,0,0,0
BRDA:21,0,1,5
BRDA:23,1,0,5
BRDA:23,1,1,0
BRDA:38,2,0,0
BRDA:38,2,1,5
BRDA:56,3,0,0
BRDA:56,4,0,0
BRDA:56,4,1,0
BRDA:60,5,0,0
BRDA:61,6,0,5
BRDA:63,7,0,5
BRDA:86,8,0,0
BRDA:87,9,0,0
BRDA:88,10,0,0
BRDA:89,11,0,0
BRDA:90,12,0,0
BRDA:106,13,0,1
BRDA:108,14,0,1
BRDA:108,14,1,0
BRDA:109,15,0,1
BRDA:112,16,0,1
BRDA:112,16,1,1
BRDA:114,17,0,0
BRDA:115,18,0,0
BRDA:119,19,0,0
BRDA:119,19,1,0
BRDA:124,20,0,0
BRDA:127,21,0,0
BRDA:127,21,1,0
BRDA:132,22,0,0
BRDA:134,23,0,0
BRDA:137,24,0,0
BRDA:137,24,1,0
BRDA:140,25,0,0
BRDA:143,26,0,0
BRDA:146,27,0,0
BRDA:146,27,1,0
BRDA:150,28,0,1
BRDA:151,29,0,0
BRDA:154,30,0,0
BRDA:155,31,0,0
BRDA:160,32,0,5
BRDA:171,33,0,5
BRDA:171,33,1,0
BRDA:173,34,0,5
BRDA:178,35,0,5
BRDA:181,36,0,0
BRDA:181,36,1,5
BRDA:181,37,0,5
BRDA:181,37,1,5
BRDA:185,38,0,5
BRDA:185,38,1,0
BRDA:188,39,0,5
BRDA:191,40,0,5
BRDA:191,40,1,0
BRDA:195,41,0,0
BRDA:198,42,0,0
BRDA:202,43,0,0
BRDA:202,43,1,0
BRDA:217,44,0,0
BRDA:217,44,1,5
BRDA:223,45,0,5
BRDA:223,45,1,0
BRDA:223,46,0,5
BRDA:223,46,1,5
BRF:66
BRH:25
end_of_record
TN:
SF:src\WatchFunction.ts
FN:20,(anonymous_7)
FN:119,WatchFunction
FN:67,(anonymous_9)
FN:81,(anonymous_10)
FN:92,(anonymous_11)
FN:143,(anonymous_12)
FN:151,(anonymous_13)
FN:158,(anonymous_14)
FN:167,(anonymous_15)
FN:178,(anonymous_16)
FN:192,(anonymous_17)
FN:200,(anonymous_18)
FN:207,(anonymous_19)
FN:216,(anonymous_20)
FN:225,(anonymous_21)
FN:238,(anonymous_22)
FN:239,(anonymous_23)
FN:240,(anonymous_24)
FN:22,(anonymous_25)
FN:26,(anonymous_26)
FN:30,(anonymous_27)
FN:34,(anonymous_28)
FN:38,(anonymous_29)
FN:42,(anonymous_30)
FN:46,(anonymous_31)
FN:49,(anonymous_32)
FN:54,(anonymous_33)
FN:57,(anonymous_34)
FN:62,(anonymous_35)
FN:102,(anonymous_36)
FNF:30
FNH:12
FNDA:1,(anonymous_7)
FNDA:12,WatchFunction
FNDA:0,(anonymous_9)
FNDA:0,(anonymous_10)
FNDA:0,(anonymous_11)
FNDA:5,(anonymous_12)
FNDA:5,(anonymous_13)
FNDA:5,(anonymous_14)
FNDA:0,(anonymous_15)
FNDA:0,(anonymous_16)
FNDA:0,(anonymous_17)
FNDA:0,(anonymous_18)
FNDA:0,(anonymous_19)
FNDA:0,(anonymous_20)
FNDA:0,(anonymous_21)
FNDA:5,(anonymous_22)
FNDA:5,(anonymous_23)
FNDA:0,(anonymous_24)
FNDA:0,(anonymous_25)
FNDA:30,(anonymous_26)
FNDA:36,(anonymous_27)
FNDA:30,(anonymous_28)
FNDA:5,(anonymous_29)
FNDA:0,(anonymous_30)
FNDA:0,(anonymous_31)
FNDA:0,(anonymous_32)
FNDA:0,(anonymous_33)
FNDA:0,(anonymous_34)
FNDA:0,(anonymous_35)
FNDA:5,(anonymous_36)
DA:2,1
DA:3,1
DA:20,1
DA:21,12
DA:22,1
DA:23,0
DA:25,12
DA:26,1
DA:27,30
DA:29,12
DA:30,1
DA:31,36
DA:33,12
DA:34,1
DA:35,30
DA:37,12
DA:38,1
DA:39,5
DA:42,1
DA:43,0
DA:45,12
DA:46,1
DA:47,0
DA:50,0
DA:53,12
DA:54,1
DA:55,0
DA:58,0
DA:59,0
DA:61,12
DA:62,1
DA:63,0
DA:66,12
DA:67,12
DA:68,12
DA:80,12
DA:81,12
DA:82,0
DA:83,0
DA:84,0
DA:85,0
DA:86,0
DA:87,0
DA:88,0
DA:89,0
DA:90,0
DA:91,0
DA:92,0
DA:97,12
DA:102,1
DA:103,5
DA:119,12
DA:142,12
DA:143,12
DA:144,5
DA:145,5
DA:147,12
DA:148,12
DA:149,12
DA:151,12
DA:152,5
DA:153,5
DA:154,5
DA:155,5
DA:158,12
DA:159,5
DA:160,5
DA:161,5
DA:162,5
DA:163,5
DA:164,5
DA:167,12
DA:168,0
DA:169,0
DA:171,0
DA:172,0
DA:173,0
DA:174,0
DA:175,0
DA:176,0
DA:178,12
DA:179,0
DA:181,0
DA:182,0
DA:183,0
DA:185,0
DA:186,0
DA:187,0
DA:188,0
DA:189,0
DA:192,0
DA:193,0
DA:194,0
DA:196,0
DA:197,0
DA:198,0
DA:199,0
DA:200,0
DA:201,0
DA:202,0
DA:203,0
DA:204,0
DA:206,0
DA:207,0
DA:208,0
DA:209,0
DA:210,0
DA:211,0
DA:212,0
DA:213,0
DA:215,0
DA:216,0
DA:217,0
DA:218,0
DA:219,0
DA:220,0
DA:221,0
DA:222,0
DA:224,0
DA:225,0
DA:226,0
DA:227,0
DA:228,0
DA:229,0
DA:230,0
DA:231,0
DA:232,0
DA:236,12
DA:237,12
DA:238,12
DA:239,5
DA:240,5
DA:241,0
DA:242,0
DA:243,0
DA:245,5
DA:246,5
DA:247,5
DA:249,0
DA:254,1
LF:140
LH:63
BRDA:142,0,0,12
BRDA:142,0,1,0
BRDA:145,1,0,5
BRDA:145,1,1,0
BRDA:155,2,0,5
BRDA:164,3,0,5
BRDA:168,4,0,0
BRDA:176,5,0,0
BRDA:179,6,0,0
BRDA:181,7,0,0
BRDA:182,8,0,0
BRDA:182,8,1,0
BRDA:183,9,0,0
BRDA:183,9,1,0
BRDA:194,10,0,0
BRDA:194,10,1,0
BRDA:199,11,0,0
BRDA:206,12,0,0
BRDA:215,13,0,0
BRDA:224,14,0,0
BRDA:226,15,0,0
BRDA:232,16,0,0
BRDA:232,16,1,0
BRDA:241,17,0,0
BRDA:242,18,0,0
BRDA:242,18,1,0
BRDA:246,19,0,5
BRDA:246,19,1,0
BRDA:43,20,0,0
BRDA:43,20,1,0
BRDA:43,20,2,0
BRDA:106,21,0,5
BRDA:106,21,1,0
BRF:33
BRH:6
end_of_record
